<?xml version="1.0" encoding="UTF-8"?>
<!-- Generated by org.testng.reporters.JUnitReportReporter -->
<testsuite hostname="Thirupathi" failures="0" tests="1" name="testCases.AmazonBalance" time="48.757" errors="0" timestamp="10 Jan 2019 23:57:12 GMT" skipped="0">
  <testcase classname="testCases.AmazonBalance" name="AmazonBalanceCheck" time="48.757"/>
</testsuite> <!-- testCases.AmazonBalance -->
